--------------------
date: 2024/8/9
time: 18:26:7
from:CA1
to: Bob
TA:CAroot
status: fail
--------------------
--------------------
date: 2024/8/9
time: 18:48:58
from:CAroot
to: Bob
TA:CAroot
status: fail
--------------------
--------------------
date: 2024/8/9
time: 18:50:9
from:CA1
to: Bob
TA:CAroot
status: fail
--------------------
--------------------
date: 2024/8/9
time: 19:1:33
from:CA1
to: Bob
TA:CAroot
status: fail
--------------------
--------------------
date: 2024/8/9
time: 19:3:22
from:CA1
to: Bob
TA:CAroot
status: fail
--------------------
--------------------
date: 2024/8/9
time: 19:6:25
from:CA1
to: Bob
TA:CAroot
status: fail
--------------------
--------------------
date: 2024/8/9
time: 19:8:18
from:CA1
to: Bob
TA:CAroot
status: fail
--------------------
--------------------
date: 2024/8/9
time: 19:18:38
from:CA1
to: Bob
TA:CAroot
status: fail
--------------------
--------------------
date: 2024/8/9
time: 19:20:52
from:CAroot
to: Bob
TA:CAroot
status: pass
--------------------
--------------------
date: 2024/8/9
time: 19:20:52
from:CA1
to: Bob
TA:CAroot
status: fail
--------------------
--------------------
date: 2024/8/9
time: 19:26:54
from:CAroot
to: Bob
TA:CAroot
status: pass
--------------------
--------------------
date: 2024/8/9
time: 19:26:54
from:CA1
to: Bob
TA:CAroot
status: fail
--------------------
--------------------
date: 2024/8/9
time: 19:30:42
from:CAroot
to: Bob
TA:CAroot
status: pass
--------------------
--------------------
date: 2024/8/9
time: 19:30:42
from:CA1
to: Bob
TA:CAroot
status: fail
--------------------
--------------------
date: 2024/8/9
time: 19:31:38
from:CA1
to: Bob
TA:CAroot
status: fail
--------------------
--------------------
date: 2024/8/9
time: 19:47:23
from:CA1
to: Bob
TA:CAroot
status: fail
--------------------
--------------------
date: 2024/8/9
time: 19:53:36
from:CA1
to: Bob
TA:CAroot
status: fail
--------------------
--------------------
date: 2024/8/9
time: 20:0:46
from:CA1
to: Bob
TA:CAroot
status: fail
--------------------
--------------------
date: 2024/8/9
time: 20:2:56
from:CAroot
to: Bob
TA:CAroot
status: pass
--------------------
--------------------
date: 2024/8/9
time: 20:2:56
from:CA1
to: Bob
TA:CA1
status: fail
--------------------
--------------------
date: 2024/8/9
time: 20:4:4
from:CAroot
to: Bob
TA:CAroot
status: pass
--------------------
--------------------
date: 2024/8/9
time: 20:4:4
from:CA1
to: Bob
TA:CAroot
status: fail
--------------------
--------------------
date: 2024/8/9
time: 20:5:18
from:Alice
to: Bob
TA:CA1
status: pass
--------------------
--------------------
date: 2024/8/9
time: 20:18:7
from:Alice
to: Bob
TA:CA1
status: pass
--------------------
--------------------
date: 2024/8/9
time: 20:22:57
from:Alice
to: Bob
TA:CA1
status: pass
--------------------
--------------------
date: 2024/8/9
time: 20:23:34
from:CA1
to: Bob
TA:CA1
status: fail
--------------------
--------------------
date: 2024/8/9
time: 20:24:0
from:CA1
to: Bob
TA:CAroot
status: pass
--------------------
--------------------
date: 2024/8/9
time: 20:24:0
from:Alice
to: Bob
TA:CA1
status: pass
--------------------
--------------------
date: 2024/8/9
time: 20:31:17
from:CAroot
to: Bob
TA:CAroot
status: pass
--------------------
--------------------
date: 2024/8/9
time: 20:31:17
from:CA1
to: Bob
TA:CAroot
status: pass
--------------------
--------------------
date: 2024/8/9
time: 20:31:17
from:Alice
to: Bob
TA:CA1
status: pass
--------------------
--------------------
date: 2024/8/12
time: 17:39:56
from:CAroot
to: Bob
TA:CAroot
status: pass
--------------------
--------------------
date: 2024/8/12
time: 17:39:57
from:CA1
to: Bob
TA:CAroot
status: pass
--------------------
--------------------
date: 2024/8/12
time: 17:39:57
from:Alice
to: Bob
TA:CA1
status: pass
--------------------
--------------------
date: 2024/8/12
time: 17:49:34
from:CAroot
to: Bob
TA:CAroot
status: pass
--------------------
--------------------
date: 2024/8/12
time: 17:49:34
from:CA1
to: Bob
TA:CAroot
status: pass
--------------------
--------------------
date: 2024/8/12
time: 17:49:35
from:Alice
to: Bob
TA:CA1
status: pass
--------------------
